c:\localwork\prj\vcsim\builtinsystemsimulator\simcore\x64\debug\vc142.pdb
c:\localwork\prj\vcsim\builtinsystemsimulator\simcore\x64\debug\vc142.idb
c:\localwork\prj\vcsim\builtinsystemsimulator\simcore\x64\debug\sc_control.obj
c:\localwork\prj\vcsim\builtinsystemsimulator\simcore\x64\debug\ecu.obj
c:\localwork\prj\vcsim\builtinsystemsimulator\simcore\x64\debug\task.obj
c:\localwork\prj\vcsim\builtinsystemsimulator\simcore\x64\debug\timer.obj
c:\localwork\prj\vcsim\builtinsystemsimulator\simcore\x64\debug\basemodel.obj
c:\localwork\prj\vcsim\builtinsystemsimulator\simcore\x64\debug\power.obj
c:\localwork\prj\vcsim\builtinsystemsimulator\simcore\x64\debug\logger.obj
c:\localwork\prj\vcsim\builtinsystemsimulator\simcore\x64\debug\chip.obj
c:\localwork\prj\vcsim\builtinsystemsimulator\simcore\x64\debug\main.obj
c:\localwork\prj\vcsim\builtinsystemsimulator\simulator\bin\debug\simcore.dll
c:\localwork\prj\vcsim\builtinsystemsimulator\simulator\bin\debug\simcore.ilk
c:\localwork\prj\vcsim\builtinsystemsimulator\simulator\bin\debug\simcore.pdb
c:\localwork\prj\vcsim\builtinsystemsimulator\simulator\bin\debug\simcore.lib
c:\localwork\prj\vcsim\builtinsystemsimulator\simulator\bin\debug\simcore.exp
c:\localwork\prj\vcsim\builtinsystemsimulator\simcore\x64\debug\simcore.tlog\cl.command.1.tlog
c:\localwork\prj\vcsim\builtinsystemsimulator\simcore\x64\debug\simcore.tlog\cl.read.1.tlog
c:\localwork\prj\vcsim\builtinsystemsimulator\simcore\x64\debug\simcore.tlog\cl.write.1.tlog
c:\localwork\prj\vcsim\builtinsystemsimulator\simcore\x64\debug\simcore.tlog\link.command.1.tlog
c:\localwork\prj\vcsim\builtinsystemsimulator\simcore\x64\debug\simcore.tlog\link.read.1.tlog
c:\localwork\prj\vcsim\builtinsystemsimulator\simcore\x64\debug\simcore.tlog\link.write.1.tlog
c:\localwork\prj\vcsim\builtinsystemsimulator\simcore\x64\debug\simcore.tlog\simcore.write.1u.tlog
